{"total": {"lines":{"total":1062,"covered":225,"skipped":0,"pct":21.18},"statements":{"total":1104,"covered":227,"skipped":0,"pct":20.56},"functions":{"total":146,"covered":29,"skipped":0,"pct":19.86},"branches":{"total":609,"covered":64,"skipped":0,"pct":10.5},"branchesTrue":{"total":0,"covered":0,"skipped":0,"pct":100}}
,"/home/skull/Documents/projects/QALASTUDIO/Qala Studios/backend/src/config/db.ts": {"lines":{"total":3,"covered":0,"skipped":0,"pct":0},"functions":{"total":1,"covered":0,"skipped":0,"pct":0},"statements":{"total":3,"covered":0,"skipped":0,"pct":0},"branches":{"total":2,"covered":0,"skipped":0,"pct":0}}
,"/home/skull/Documents/projects/QALASTUDIO/Qala Studios/backend/src/config/redis.ts": {"lines":{"total":10,"covered":9,"skipped":0,"pct":90},"functions":{"total":2,"covered":1,"skipped":0,"pct":50},"statements":{"total":10,"covered":9,"skipped":0,"pct":90},"branches":{"total":2,"covered":1,"skipped":0,"pct":50}}
,"/home/skull/Documents/projects/QALASTUDIO/Qala Studios/backend/src/domains/ai/ai.service.ts": {"lines":{"total":11,"covered":4,"skipped":0,"pct":36.36},"functions":{"total":1,"covered":0,"skipped":0,"pct":0},"statements":{"total":11,"covered":4,"skipped":0,"pct":36.36},"branches":{"total":4,"covered":1,"skipped":0,"pct":25}}
,"/home/skull/Documents/projects/QALASTUDIO/Qala Studios/backend/src/domains/availability/availability.service.ts": {"lines":{"total":44,"covered":4,"skipped":0,"pct":9.09},"functions":{"total":8,"covered":0,"skipped":0,"pct":0},"statements":{"total":48,"covered":4,"skipped":0,"pct":8.33},"branches":{"total":16,"covered":0,"skipped":0,"pct":0}}
,"/home/skull/Documents/projects/QALASTUDIO/Qala Studios/backend/src/domains/booking/booking.service.ts": {"lines":{"total":72,"covered":9,"skipped":0,"pct":12.5},"functions":{"total":9,"covered":1,"skipped":0,"pct":11.11},"statements":{"total":75,"covered":9,"skipped":0,"pct":12},"branches":{"total":44,"covered":0,"skipped":0,"pct":0}}
,"/home/skull/Documents/projects/QALASTUDIO/Qala Studios/backend/src/domains/pricing/pricing.service.ts": {"lines":{"total":87,"covered":3,"skipped":0,"pct":3.44},"functions":{"total":6,"covered":0,"skipped":0,"pct":0},"statements":{"total":89,"covered":3,"skipped":0,"pct":3.37},"branches":{"total":65,"covered":0,"skipped":0,"pct":0}}
,"/home/skull/Documents/projects/QALASTUDIO/Qala Studios/backend/src/domains/user/user-details.model.ts": {"lines":{"total":70,"covered":66,"skipped":0,"pct":94.28},"functions":{"total":23,"covered":23,"skipped":0,"pct":100},"statements":{"total":70,"covered":66,"skipped":0,"pct":94.28},"branches":{"total":59,"covered":47,"skipped":0,"pct":79.66}}
,"/home/skull/Documents/projects/QALASTUDIO/Qala Studios/backend/src/domains/user/user-details.service.ts": {"lines":{"total":75,"covered":0,"skipped":0,"pct":0},"functions":{"total":13,"covered":0,"skipped":0,"pct":0},"statements":{"total":76,"covered":0,"skipped":0,"pct":0},"branches":{"total":35,"covered":0,"skipped":0,"pct":0}}
,"/home/skull/Documents/projects/QALASTUDIO/Qala Studios/backend/src/models/UserDetails.ts": {"lines":{"total":26,"covered":3,"skipped":0,"pct":11.53},"functions":{"total":12,"covered":0,"skipped":0,"pct":0},"statements":{"total":26,"covered":3,"skipped":0,"pct":11.53},"branches":{"total":23,"covered":0,"skipped":0,"pct":0}}
,"/home/skull/Documents/projects/QALASTUDIO/Qala Studios/backend/src/routes/auth.routes.ts": {"lines":{"total":69,"covered":12,"skipped":0,"pct":17.39},"functions":{"total":4,"covered":0,"skipped":0,"pct":0},"statements":{"total":73,"covered":12,"skipped":0,"pct":16.43},"branches":{"total":33,"covered":0,"skipped":0,"pct":0}}
,"/home/skull/Documents/projects/QALASTUDIO/Qala Studios/backend/src/routes/bookings.admin.routes.ts": {"lines":{"total":58,"covered":9,"skipped":0,"pct":15.51},"functions":{"total":6,"covered":0,"skipped":0,"pct":0},"statements":{"total":63,"covered":9,"skipped":0,"pct":14.28},"branches":{"total":42,"covered":0,"skipped":0,"pct":0}}
,"/home/skull/Documents/projects/QALASTUDIO/Qala Studios/backend/src/routes/content.routes.ts": {"lines":{"total":43,"covered":8,"skipped":0,"pct":18.6},"functions":{"total":3,"covered":0,"skipped":0,"pct":0},"statements":{"total":43,"covered":8,"skipped":0,"pct":18.6},"branches":{"total":16,"covered":0,"skipped":0,"pct":0}}
,"/home/skull/Documents/projects/QALASTUDIO/Qala Studios/backend/src/routes/enquiries.routes.ts": {"lines":{"total":63,"covered":10,"skipped":0,"pct":15.87},"functions":{"total":5,"covered":0,"skipped":0,"pct":0},"statements":{"total":68,"covered":10,"skipped":0,"pct":14.7},"branches":{"total":34,"covered":0,"skipped":0,"pct":0}}
,"/home/skull/Documents/projects/QALASTUDIO/Qala Studios/backend/src/routes/projects.routes.ts": {"lines":{"total":46,"covered":10,"skipped":0,"pct":21.73},"functions":{"total":5,"covered":0,"skipped":0,"pct":0},"statements":{"total":46,"covered":10,"skipped":0,"pct":21.73},"branches":{"total":13,"covered":0,"skipped":0,"pct":0}}
,"/home/skull/Documents/projects/QALASTUDIO/Qala Studios/backend/src/routes/studios.routes.ts": {"lines":{"total":87,"covered":13,"skipped":0,"pct":14.94},"functions":{"total":8,"covered":0,"skipped":0,"pct":0},"statements":{"total":87,"covered":13,"skipped":0,"pct":14.94},"branches":{"total":47,"covered":0,"skipped":0,"pct":0}}
,"/home/skull/Documents/projects/QALASTUDIO/Qala Studios/backend/src/routes/upload.routes.ts": {"lines":{"total":48,"covered":10,"skipped":0,"pct":20.83},"functions":{"total":9,"covered":0,"skipped":0,"pct":0},"statements":{"total":51,"covered":10,"skipped":0,"pct":19.6},"branches":{"total":36,"covered":0,"skipped":0,"pct":0}}
,"/home/skull/Documents/projects/QALASTUDIO/Qala Studios/backend/src/routes/user.auth.routes.ts": {"lines":{"total":106,"covered":15,"skipped":0,"pct":14.15},"functions":{"total":8,"covered":0,"skipped":0,"pct":0},"statements":{"total":116,"covered":15,"skipped":0,"pct":12.93},"branches":{"total":64,"covered":0,"skipped":0,"pct":0}}
,"/home/skull/Documents/projects/QALASTUDIO/Qala Studios/backend/src/routes/userDetails.ts": {"lines":{"total":28,"covered":8,"skipped":0,"pct":28.57},"functions":{"total":2,"covered":0,"skipped":0,"pct":0},"statements":{"total":28,"covered":8,"skipped":0,"pct":28.57},"branches":{"total":11,"covered":0,"skipped":0,"pct":0}}
,"/home/skull/Documents/projects/QALASTUDIO/Qala Studios/backend/src/services/EmailService.ts": {"lines":{"total":31,"covered":7,"skipped":0,"pct":22.58},"functions":{"total":5,"covered":1,"skipped":0,"pct":20},"statements":{"total":33,"covered":7,"skipped":0,"pct":21.21},"branches":{"total":30,"covered":9,"skipped":0,"pct":30}}
,"/home/skull/Documents/projects/QALASTUDIO/Qala Studios/backend/src/services/ZohoEmailService.ts": {"lines":{"total":44,"covered":12,"skipped":0,"pct":27.27},"functions":{"total":9,"covered":1,"skipped":0,"pct":11.11},"statements":{"total":45,"covered":12,"skipped":0,"pct":26.66},"branches":{"total":28,"covered":5,"skipped":0,"pct":17.85}}
,"/home/skull/Documents/projects/QALASTUDIO/Qala Studios/backend/src/utils/date.utils.ts": {"lines":{"total":7,"covered":3,"skipped":0,"pct":42.85},"functions":{"total":2,"covered":0,"skipped":0,"pct":0},"statements":{"total":9,"covered":5,"skipped":0,"pct":55.55},"branches":{"total":2,"covered":0,"skipped":0,"pct":0}}
,"/home/skull/Documents/projects/QALASTUDIO/Qala Studios/backend/src/utils/lockCleanup.ts": {"lines":{"total":13,"covered":10,"skipped":0,"pct":76.92},"functions":{"total":2,"covered":2,"skipped":0,"pct":100},"statements":{"total":13,"covered":10,"skipped":0,"pct":76.92},"branches":{"total":3,"covered":1,"skipped":0,"pct":33.33}}
,"/home/skull/Documents/projects/QALASTUDIO/Qala Studios/backend/src/utils/seed.ts": {"lines":{"total":21,"covered":0,"skipped":0,"pct":0},"functions":{"total":3,"covered":0,"skipped":0,"pct":0},"statements":{"total":21,"covered":0,"skipped":0,"pct":0},"branches":{"total":0,"covered":0,"skipped":0,"pct":100}}
}
