TN:
SF:src/config/db.ts
FN:13,(anonymous_0)
FNF:1
FNH:0
FNDA:0,(anonymous_0)
DA:3,0
DA:13,0
DA:14,0
LF:3
LH:0
BRDA:9,0,0,0
BRDA:9,0,1,0
BRF:2
BRH:0
end_of_record
TN:
SF:src/config/redis.ts
FN:9,(anonymous_1)
FN:13,(anonymous_2)
FNF:2
FNH:1
FNDA:3,(anonymous_1)
FNDA:0,(anonymous_2)
DA:1,3
DA:2,3
DA:3,3
DA:5,3
DA:7,3
DA:9,3
DA:10,3
DA:13,3
DA:14,0
DA:17,3
LF:10
LH:9
BRDA:5,0,0,3
BRDA:5,0,1,0
BRF:2
BRH:1
end_of_record
TN:
SF:src/domains/ai/ai.service.ts
FN:17,(anonymous_0)
FNF:1
FNH:0
FNDA:0,(anonymous_0)
DA:1,3
DA:3,3
DA:5,3
DA:16,3
DA:18,0
DA:19,0
DA:21,0
DA:27,0
DA:28,0
DA:30,0
DA:31,0
LF:11
LH:4
BRDA:3,0,0,3
BRDA:3,0,1,0
BRDA:28,1,0,0
BRDA:28,1,1,0
BRF:4
BRH:1
end_of_record
TN:
SF:src/domains/availability/availability.service.ts
FN:9,(anonymous_1)
FN:70,(anonymous_2)
FN:89,(anonymous_3)
FN:90,(anonymous_4)
FN:91,(anonymous_5)
FN:95,(anonymous_6)
FN:121,(anonymous_7)
FN:123,(anonymous_8)
FNF:8
FNH:0
FNDA:0,(anonymous_1)
FNDA:0,(anonymous_2)
FNDA:0,(anonymous_3)
FNDA:0,(anonymous_4)
FNDA:0,(anonymous_5)
FNDA:0,(anonymous_6)
FNDA:0,(anonymous_7)
FNDA:0,(anonymous_8)
DA:1,3
DA:2,3
DA:3,3
DA:5,3
DA:14,0
DA:16,0
DA:22,0
DA:28,0
DA:30,0
DA:33,0
DA:60,0
DA:61,0
DA:62,0
DA:63,0
DA:64,0
DA:65,0
DA:68,0
DA:69,0
DA:70,0
DA:72,0
DA:74,0
DA:75,0
DA:85,0
DA:88,0
DA:89,0
DA:90,0
DA:91,0
DA:95,0
DA:97,0
DA:98,0
DA:99,0
DA:101,0
DA:102,0
DA:103,0
DA:107,0
DA:108,0
DA:112,0
DA:113,0
DA:116,0
DA:120,0
DA:121,0
DA:123,0
DA:124,0
DA:132,0
LF:44
LH:4
BRDA:14,0,0,0
BRDA:14,0,1,0
BRDA:14,1,0,0
BRDA:14,1,1,0
BRDA:28,2,0,0
BRDA:28,2,1,0
BRDA:70,3,0,0
BRDA:70,3,1,0
BRDA:72,4,0,0
BRDA:72,4,1,0
BRDA:101,5,0,0
BRDA:101,5,1,0
BRDA:107,6,0,0
BRDA:107,6,1,0
BRDA:112,7,0,0
BRDA:112,7,1,0
BRF:16
BRH:0
end_of_record
TN:
SF:src/domains/booking/booking.service.ts
FN:12,(anonymous_1)
FN:20,(anonymous_2)
FN:26,(anonymous_3)
FN:112,(anonymous_4)
FN:120,(anonymous_5)
FN:226,(anonymous_6)
FN:258,(anonymous_7)
FN:274,(anonymous_8)
FN:296,(anonymous_9)
FNF:9
FNH:1
FNDA:3,(anonymous_1)
FNDA:0,(anonymous_2)
FNDA:0,(anonymous_3)
FNDA:0,(anonymous_4)
FNDA:0,(anonymous_5)
FNDA:0,(anonymous_6)
FNDA:0,(anonymous_7)
FNDA:0,(anonymous_8)
FNDA:0,(anonymous_9)
DA:1,3
DA:2,3
DA:3,3
DA:4,3
DA:5,3
DA:6,3
DA:8,3
DA:13,3
DA:14,3
DA:26,0
DA:30,0
DA:32,0
DA:35,0
DA:38,0
DA:39,0
DA:42,0
DA:52,0
DA:53,0
DA:57,0
DA:66,0
DA:67,0
DA:71,0
DA:79,0
DA:80,0
DA:84,0
DA:85,0
DA:95,0
DA:97,0
DA:119,0
DA:120,0
DA:122,0
DA:126,0
DA:127,0
DA:130,0
DA:131,0
DA:132,0
DA:133,0
DA:134,0
DA:137,0
DA:140,0
DA:144,0
DA:145,0
DA:154,0
DA:155,0
DA:163,0
DA:171,0
DA:176,0
DA:196,0
DA:200,0
DA:203,0
DA:211,0
DA:212,0
DA:213,0
DA:214,0
DA:215,0
DA:216,0
DA:218,0
DA:227,0
DA:228,0
DA:244,0
DA:247,0
DA:257,0
DA:258,0
DA:259,0
DA:263,0
DA:264,0
DA:275,0
DA:276,0
DA:285,0
DA:286,0
DA:289,0
DA:297,0
LF:72
LH:9
BRDA:30,0,0,0
BRDA:30,0,1,0
BRDA:30,1,0,0
BRDA:30,1,1,0
BRDA:38,2,0,0
BRDA:38,2,1,0
BRDA:52,3,0,0
BRDA:52,3,1,0
BRDA:66,4,0,0
BRDA:66,4,1,0
BRDA:79,5,0,0
BRDA:79,5,1,0
BRDA:126,6,0,0
BRDA:126,6,1,0
BRDA:127,7,0,0
BRDA:127,7,1,0
BRDA:132,8,0,0
BRDA:132,8,1,0
BRDA:144,9,0,0
BRDA:144,9,1,0
BRDA:154,10,0,0
BRDA:154,10,1,0
BRDA:154,11,0,0
BRDA:154,11,1,0
BRDA:167,12,0,0
BRDA:167,12,1,0
BRDA:168,13,0,0
BRDA:168,13,1,0
BRDA:211,14,0,0
BRDA:211,14,1,0
BRDA:213,15,0,0
BRDA:213,15,1,0
BRDA:215,16,0,0
BRDA:215,16,1,0
BRDA:250,17,0,0
BRDA:250,17,1,0
BRDA:251,18,0,0
BRDA:251,18,1,0
BRDA:257,19,0,0
BRDA:257,19,1,0
BRDA:257,20,0,0
BRDA:257,20,1,0
BRDA:285,21,0,0
BRDA:285,21,1,0
BRF:44
BRH:0
end_of_record
TN:
SF:src/domains/pricing/pricing.service.ts
FN:16,(anonymous_1)
FN:107,(anonymous_2)
FN:170,(anonymous_3)
FN:210,(anonymous_4)
FN:241,(anonymous_5)
FN:263,(anonymous_6)
FNF:6
FNH:0
FNDA:0,(anonymous_1)
FNDA:0,(anonymous_2)
FNDA:0,(anonymous_3)
FNDA:0,(anonymous_4)
FNDA:0,(anonymous_5)
FNDA:0,(anonymous_6)
DA:1,3
DA:2,3
DA:4,3
DA:20,0
DA:22,0
DA:25,0
DA:28,0
DA:29,0
DA:33,0
DA:38,0
DA:39,0
DA:41,0
DA:43,0
DA:44,0
DA:45,0
DA:47,0
DA:48,0
DA:62,0
DA:63,0
DA:65,0
DA:66,0
DA:68,0
DA:86,0
DA:87,0
DA:88,0
DA:89,0
DA:101,0
DA:108,0
DA:111,0
DA:115,0
DA:119,0
DA:123,0
DA:124,0
DA:125,0
DA:127,0
DA:131,0
DA:132,0
DA:135,0
DA:136,0
DA:139,0
DA:145,0
DA:146,0
DA:147,0
DA:150,0
DA:151,0
DA:152,0
DA:153,0
DA:155,0
DA:156,0
DA:159,0
DA:162,0
DA:163,0
DA:171,0
DA:173,0
DA:175,0
DA:179,0
DA:183,0
DA:189,0
DA:193,0
DA:197,0
DA:198,0
DA:200,0
DA:203,0
DA:211,0
DA:212,0
DA:215,0
DA:216,0
DA:220,0
DA:221,0
DA:223,0
DA:224,0
DA:226,0
DA:227,0
DA:231,0
DA:233,0
DA:234,0
DA:247,0
DA:248,0
DA:249,0
DA:251,0
DA:253,0
DA:256,0
DA:264,0
DA:265,0
DA:267,0
DA:268,0
DA:271,0
LF:87
LH:3
BRDA:20,0,0,0
BRDA:20,0,1,0
BRDA:20,1,0,0
BRDA:20,1,1,0
BRDA:28,2,0,0
BRDA:28,2,1,0
BRDA:41,3,0,0
BRDA:41,3,1,0
BRDA:44,4,0,0
BRDA:44,4,1,0
BRDA:44,5,0,0
BRDA:44,5,1,0
BRDA:65,6,0,0
BRDA:65,6,1,0
BRDA:78,7,0,0
BRDA:78,7,1,0
BRDA:78,8,0,0
BRDA:78,8,1,0
BRDA:87,9,0,0
BRDA:87,9,1,0
BRDA:108,10,0,0
BRDA:108,10,1,0
BRDA:108,10,2,0
BRDA:108,10,3,0
BRDA:108,10,4,0
BRDA:108,10,5,0
BRDA:108,10,6,0
BRDA:115,11,0,0
BRDA:115,11,1,0
BRDA:123,12,0,0
BRDA:123,12,1,0
BRDA:123,13,0,0
BRDA:123,13,1,0
BRDA:132,14,0,0
BRDA:132,14,1,0
BRDA:135,15,0,0
BRDA:135,15,1,0
BRDA:135,16,0,0
BRDA:135,16,1,0
BRDA:145,17,0,0
BRDA:145,17,1,0
BRDA:145,18,0,0
BRDA:145,18,1,0
BRDA:173,19,0,0
BRDA:173,19,1,0
BRDA:173,19,2,0
BRDA:173,19,3,0
BRDA:173,19,4,0
BRDA:173,19,5,0
BRDA:173,19,6,0
BRDA:197,20,0,0
BRDA:197,20,1,0
BRDA:215,21,0,0
BRDA:215,21,1,0
BRDA:215,22,0,0
BRDA:215,22,1,0
BRDA:215,22,2,0
BRDA:231,23,0,0
BRDA:231,23,1,0
BRDA:251,24,0,0
BRDA:251,24,1,0
BRDA:253,25,0,0
BRDA:253,25,1,0
BRDA:256,26,0,0
BRDA:256,26,1,0
BRF:65
BRH:0
end_of_record
TN:
SF:src/domains/user/user-details.model.ts
FN:12,(anonymous_0)
FN:13,(anonymous_1)
FN:14,(anonymous_2)
FN:25,(anonymous_3)
FN:26,(anonymous_4)
FN:27,(anonymous_5)
FN:75,(anonymous_6)
FN:92,(anonymous_7)
FN:105,(anonymous_8)
FN:120,(anonymous_9)
FN:127,(anonymous_10)
FN:143,(anonymous_11)
FN:197,(anonymous_12)
FN:216,(anonymous_13)
FN:233,(anonymous_14)
FN:247,(anonymous_15)
FN:264,(anonymous_16)
FN:277,(anonymous_17)
FN:296,(anonymous_18)
FN:307,(anonymous_19)
FN:314,(anonymous_20)
FN:325,(anonymous_21)
FN:336,(anonymous_22)
FNF:23
FNH:23
FNDA:12,(anonymous_0)
FNDA:12,(anonymous_1)
FNDA:12,(anonymous_2)
FNDA:14,(anonymous_3)
FNDA:14,(anonymous_4)
FNDA:14,(anonymous_5)
FNDA:22,(anonymous_6)
FNDA:1,(anonymous_7)
FNDA:3,(anonymous_8)
FNDA:14,(anonymous_9)
FNDA:8,(anonymous_10)
FNDA:10,(anonymous_11)
FNDA:24,(anonymous_12)
FNDA:20,(anonymous_13)
FNDA:3,(anonymous_14)
FNDA:1,(anonymous_15)
FNDA:2,(anonymous_16)
FNDA:2,(anonymous_17)
FNDA:2,(anonymous_18)
FNDA:1,(anonymous_19)
FNDA:2,(anonymous_20)
FNDA:3,(anonymous_21)
FNDA:1,(anonymous_22)
DA:2,1
DA:8,1
DA:12,12
DA:13,12
DA:14,12
DA:25,14
DA:26,14
DA:27,14
DA:68,1
DA:82,22
DA:83,22
DA:84,22
DA:85,22
DA:86,22
DA:93,1
DA:106,3
DA:107,3
DA:109,3
DA:110,1
DA:113,2
DA:121,14
DA:122,14
DA:123,6
DA:125,8
DA:126,8
DA:127,8
DA:128,8
DA:129,8
DA:131,8
DA:133,0
DA:144,10
DA:145,0
DA:148,10
DA:151,10
DA:152,10
DA:157,10
DA:158,10
DA:164,10
DA:165,10
DA:171,10
DA:172,10
DA:173,2
DA:175,8
DA:176,8
DA:181,10
DA:182,7
DA:184,1
DA:186,6
DA:187,6
DA:191,10
DA:198,24
DA:199,0
DA:202,24
DA:217,20
DA:218,0
DA:221,20
DA:234,3
DA:248,1
DA:256,1
DA:265,2
DA:284,2
DA:297,2
DA:298,2
DA:308,1
DA:315,2
DA:316,2
DA:317,1
DA:319,2
DA:326,3
DA:337,1
LF:70
LH:66
BRDA:97,0,0,1
BRDA:97,0,1,0
BRDA:98,1,0,1
BRDA:98,1,1,0
BRDA:109,2,0,1
BRDA:109,2,1,2
BRDA:125,3,0,8
BRDA:125,3,1,0
BRDA:144,4,0,0
BRDA:144,4,1,10
BRDA:144,5,0,10
BRDA:144,5,1,10
BRDA:151,6,0,10
BRDA:151,6,1,0
BRDA:157,7,0,10
BRDA:157,7,1,0
BRDA:164,8,0,10
BRDA:164,8,1,0
BRDA:171,9,0,10
BRDA:171,9,1,0
BRDA:172,10,0,2
BRDA:172,10,1,8
BRDA:172,11,0,10
BRDA:172,11,1,9
BRDA:176,12,0,8
BRDA:176,12,1,0
BRDA:181,13,0,7
BRDA:181,13,1,3
BRDA:182,14,0,1
BRDA:182,14,1,6
BRDA:182,15,0,7
BRDA:182,15,1,7
BRDA:182,15,2,7
BRDA:182,15,3,7
BRDA:187,16,0,6
BRDA:187,16,1,0
BRDA:198,17,0,0
BRDA:198,17,1,24
BRDA:217,18,0,0
BRDA:217,18,1,20
BRDA:269,19,0,2
BRDA:269,19,1,1
BRDA:270,20,0,2
BRDA:270,20,1,1
BRDA:288,21,0,2
BRDA:288,21,1,1
BRDA:289,22,0,2
BRDA:289,22,1,1
BRDA:298,23,0,2
BRDA:298,23,1,1
BRDA:298,23,2,1
BRDA:298,23,3,1
BRDA:316,24,0,1
BRDA:316,24,1,1
BRDA:326,25,0,3
BRDA:326,25,1,2
BRDA:326,25,2,2
BRDA:326,25,3,2
BRDA:326,25,4,2
BRF:59
BRH:47
end_of_record
TN:
SF:src/domains/user/user-details.service.ts
FN:15,(anonymous_0)
FN:42,(anonymous_1)
FN:60,(anonymous_2)
FN:80,(anonymous_3)
FN:108,(anonymous_4)
FN:125,(anonymous_5)
FN:168,(anonymous_6)
FN:175,(anonymous_7)
FN:182,(anonymous_8)
FN:189,(anonymous_9)
FN:209,(anonymous_10)
FN:244,(anonymous_11)
FN:277,(anonymous_12)
FNF:13
FNH:0
FNDA:0,(anonymous_0)
FNDA:0,(anonymous_1)
FNDA:0,(anonymous_2)
FNDA:0,(anonymous_3)
FNDA:0,(anonymous_4)
FNDA:0,(anonymous_5)
FNDA:0,(anonymous_6)
FNDA:0,(anonymous_7)
FNDA:0,(anonymous_8)
FNDA:0,(anonymous_9)
FNDA:0,(anonymous_10)
FNDA:0,(anonymous_11)
FNDA:0,(anonymous_12)
DA:17,0
DA:18,0
DA:19,0
DA:23,0
DA:25,0
DA:26,0
DA:30,0
DA:32,0
DA:33,0
DA:35,0
DA:43,0
DA:44,0
DA:48,0
DA:50,0
DA:51,0
DA:53,0
DA:61,0
DA:62,0
DA:68,0
DA:70,0
DA:71,0
DA:73,0
DA:82,0
DA:83,0
DA:84,0
DA:88,0
DA:90,0
DA:91,0
DA:96,0
DA:98,0
DA:99,0
DA:101,0
DA:109,0
DA:110,0
DA:114,0
DA:115,0
DA:117,0
DA:127,0
DA:128,0
DA:129,0
DA:133,0
DA:135,0
DA:137,0
DA:139,0
DA:141,0
DA:145,0
DA:146,0
DA:154,0
DA:158,0
DA:159,0
DA:161,0
DA:169,0
DA:176,0
DA:183,0
DA:190,0
DA:191,0
DA:197,0
DA:199,0
DA:200,0
DA:202,0
DA:213,0
DA:214,0
DA:225,0
DA:226,0
DA:229,0
DA:234,0
DA:235,0
DA:237,0
DA:245,0
DA:246,0
DA:248,0
DA:277,0
DA:279,0
DA:280,0
DA:282,0
LF:75
LH:0
BRDA:18,0,0,0
BRDA:18,0,1,0
BRDA:32,1,0,0
BRDA:32,1,1,0
BRDA:48,2,0,0
BRDA:48,2,1,0
BRDA:50,3,0,0
BRDA:50,3,1,0
BRDA:68,4,0,0
BRDA:68,4,1,0
BRDA:70,5,0,0
BRDA:70,5,1,0
BRDA:83,6,0,0
BRDA:83,6,1,0
BRDA:98,7,0,0
BRDA:98,7,1,0
BRDA:114,8,0,0
BRDA:114,8,1,0
BRDA:128,9,0,0
BRDA:128,9,1,0
BRDA:139,10,0,0
BRDA:139,10,1,0
BRDA:145,11,0,0
BRDA:145,11,1,0
BRDA:158,12,0,0
BRDA:158,12,1,0
BRDA:199,13,0,0
BRDA:199,13,1,0
BRDA:225,14,0,0
BRDA:225,14,1,0
BRDA:234,15,0,0
BRDA:234,15,1,0
BRDA:244,16,0,0
BRDA:279,17,0,0
BRDA:279,17,1,0
BRF:35
BRH:0
end_of_record
TN:
SF:src/models/UserDetails.ts
FN:5,(anonymous_0)
FN:7,(anonymous_1)
FN:24,(anonymous_2)
FN:27,(anonymous_3)
FN:37,(anonymous_4)
FN:46,(anonymous_5)
FN:57,(anonymous_6)
FN:69,(anonymous_7)
FN:76,(anonymous_8)
FN:80,(anonymous_9)
FN:84,(anonymous_10)
FN:88,(anonymous_11)
FNF:12
FNH:0
FNDA:0,(anonymous_0)
FNDA:0,(anonymous_1)
FNDA:0,(anonymous_2)
FNDA:0,(anonymous_3)
FNDA:0,(anonymous_4)
FNDA:0,(anonymous_5)
FNDA:0,(anonymous_6)
FNDA:0,(anonymous_7)
FNDA:0,(anonymous_8)
FNDA:0,(anonymous_9)
FNDA:0,(anonymous_10)
FNDA:0,(anonymous_11)
DA:1,3
DA:4,3
DA:5,0
DA:8,0
DA:9,0
DA:23,3
DA:24,0
DA:28,0
DA:38,0
DA:40,0
DA:41,0
DA:42,0
DA:44,0
DA:45,0
DA:46,0
DA:47,0
DA:48,0
DA:51,0
DA:53,0
DA:59,0
DA:60,0
DA:70,0
DA:77,0
DA:81,0
DA:85,0
DA:89,0
LF:26
LH:3
BRDA:29,0,0,0
BRDA:29,0,1,0
BRDA:29,0,2,0
BRDA:30,1,0,0
BRDA:30,1,1,0
BRDA:31,2,0,0
BRDA:31,2,1,0
BRDA:32,3,0,0
BRDA:32,3,1,0
BRDA:32,3,2,0
BRDA:33,4,0,0
BRDA:33,4,1,0
BRDA:33,4,2,0
BRDA:44,5,0,0
BRDA:44,5,1,0
BRDA:47,6,0,0
BRDA:47,6,1,0
BRDA:47,7,0,0
BRDA:47,7,1,0
BRDA:64,8,0,0
BRDA:64,8,1,0
BRDA:65,9,0,0
BRDA:65,9,1,0
BRF:23
BRH:0
end_of_record
TN:
SF:src/routes/auth.routes.ts
FN:76,(anonymous_1)
FN:184,(anonymous_2)
FN:232,(anonymous_3)
FN:245,(anonymous_4)
FNF:4
FNH:0
FNDA:0,(anonymous_1)
FNDA:0,(anonymous_2)
FNDA:0,(anonymous_3)
FNDA:0,(anonymous_4)
DA:1,3
DA:2,3
DA:3,3
DA:4,3
DA:5,3
DA:7,3
DA:10,3
DA:76,3
DA:77,0
DA:78,0
DA:81,0
DA:85,0
DA:86,0
DA:90,0
DA:91,0
DA:92,0
DA:96,0
DA:97,0
DA:99,0
DA:100,0
DA:103,0
DA:104,0
DA:111,0
DA:117,0
DA:120,0
DA:121,0
DA:129,0
DA:134,0
DA:135,0
DA:136,0
DA:138,0
DA:184,3
DA:185,0
DA:187,0
DA:188,0
DA:189,0
DA:191,0
DA:192,0
DA:195,0
DA:196,0
DA:197,0
DA:200,0
DA:201,0
DA:202,0
DA:204,0
DA:207,0
DA:232,3
DA:234,0
DA:241,0
DA:245,3
DA:246,0
DA:247,0
DA:248,0
DA:249,0
DA:251,0
DA:252,0
DA:254,0
DA:255,0
DA:256,0
DA:259,0
DA:260,0
DA:262,0
DA:263,0
DA:265,0
DA:266,0
DA:268,0
DA:270,0
DA:271,0
DA:275,3
LF:69
LH:12
BRDA:85,0,0,0
BRDA:85,0,1,0
BRDA:91,1,0,0
BRDA:91,1,1,0
BRDA:97,2,0,0
BRDA:97,2,1,0
BRDA:103,3,0,0
BRDA:103,3,1,0
BRDA:135,4,0,0
BRDA:135,4,1,0
BRDA:188,5,0,0
BRDA:188,5,1,0
BRDA:188,6,0,0
BRDA:188,6,1,0
BRDA:191,7,0,0
BRDA:191,7,1,0
BRDA:196,8,0,0
BRDA:196,8,1,0
BRDA:248,9,0,0
BRDA:248,9,1,0
BRDA:248,10,0,0
BRDA:248,10,1,0
BRDA:249,11,0,0
BRDA:249,11,1,0
BRDA:255,12,0,0
BRDA:255,12,1,0
BRDA:255,13,0,0
BRDA:255,13,1,0
BRDA:255,13,2,0
BRDA:260,14,0,0
BRDA:260,14,1,0
BRDA:263,15,0,0
BRDA:263,15,1,0
BRF:33
BRH:0
end_of_record
TN:
SF:src/routes/bookings.admin.routes.ts
FN:62,(anonymous_1)
FN:90,(anonymous_2)
FN:158,(anonymous_3)
FN:191,(anonymous_4)
FN:222,(anonymous_5)
FN:269,(anonymous_6)
FNF:6
FNH:0
FNDA:0,(anonymous_1)
FNDA:0,(anonymous_2)
FNDA:0,(anonymous_3)
FNDA:0,(anonymous_4)
FNDA:0,(anonymous_5)
FNDA:0,(anonymous_6)
DA:1,3
DA:2,3
DA:3,3
DA:5,3
DA:62,3
DA:63,0
DA:64,0
DA:65,0
DA:66,0
DA:67,0
DA:68,0
DA:69,0
DA:71,0
DA:72,0
DA:73,0
DA:75,0
DA:87,0
DA:90,0
DA:108,0
DA:118,0
DA:119,0
DA:158,3
DA:159,0
DA:160,0
DA:161,0
DA:162,0
DA:164,0
DA:165,0
DA:168,0
DA:175,0
DA:176,0
DA:191,0
DA:194,0
DA:196,0
DA:197,0
DA:222,3
DA:223,0
DA:224,0
DA:225,0
DA:226,0
DA:230,0
DA:232,0
DA:233,0
DA:269,3
DA:270,0
DA:271,0
DA:272,0
DA:273,0
DA:274,0
DA:275,0
DA:278,0
DA:283,0
DA:285,0
DA:294,0
DA:295,0
DA:296,0
DA:298,0
DA:305,3
LF:58
LH:9
BRDA:66,0,0,0
BRDA:66,0,1,0
BRDA:67,1,0,0
BRDA:67,1,1,0
BRDA:68,2,0,0
BRDA:68,2,1,0
BRDA:69,3,0,0
BRDA:69,3,1,0
BRDA:72,4,0,0
BRDA:72,4,1,0
BRDA:73,5,0,0
BRDA:73,5,1,0
BRDA:93,6,0,0
BRDA:93,6,1,0
BRDA:98,7,0,0
BRDA:98,7,1,0
BRDA:99,8,0,0
BRDA:99,8,1,0
BRDA:100,9,0,0
BRDA:100,9,1,0
BRDA:161,10,0,0
BRDA:161,10,1,0
BRDA:164,11,0,0
BRDA:164,11,1,0
BRDA:164,12,0,0
BRDA:164,12,1,0
BRDA:175,13,0,0
BRDA:175,13,1,0
BRDA:175,14,0,0
BRDA:175,14,1,0
BRDA:179,15,0,0
BRDA:179,15,1,0
BRDA:225,16,0,0
BRDA:225,16,1,0
BRDA:283,17,0,0
BRDA:283,17,1,0
BRDA:295,18,0,0
BRDA:295,18,1,0
BRDA:296,19,0,0
BRDA:296,19,1,0
BRDA:300,20,0,0
BRDA:300,20,1,0
BRF:42
BRH:0
end_of_record
TN:
SF:src/routes/content.routes.ts
FN:22,(anonymous_1)
FN:59,(anonymous_2)
FN:114,(anonymous_3)
FNF:3
FNH:0
FNDA:0,(anonymous_1)
FNDA:0,(anonymous_2)
FNDA:0,(anonymous_3)
DA:1,3
DA:2,3
DA:3,3
DA:5,3
DA:22,3
DA:23,0
DA:24,0
DA:28,0
DA:30,0
DA:31,0
DA:59,3
DA:60,0
DA:61,0
DA:62,0
DA:63,0
DA:64,0
DA:68,0
DA:69,0
DA:73,0
DA:74,0
DA:76,0
DA:77,0
DA:114,3
DA:115,0
DA:116,0
DA:117,0
DA:118,0
DA:120,0
DA:121,0
DA:125,0
DA:126,0
DA:129,0
DA:130,0
DA:148,0
DA:150,0
DA:154,0
DA:155,0
DA:159,0
DA:161,0
DA:169,0
DA:173,0
DA:174,0
DA:178,3
LF:43
LH:8
BRDA:62,0,0,0
BRDA:62,0,1,0
BRDA:68,1,0,0
BRDA:68,1,1,0
BRDA:117,2,0,0
BRDA:117,2,1,0
BRDA:120,3,0,0
BRDA:120,3,1,0
BRDA:120,4,0,0
BRDA:120,4,1,0
BRDA:125,5,0,0
BRDA:125,5,1,0
BRDA:125,6,0,0
BRDA:125,6,1,0
BRDA:154,7,0,0
BRDA:154,7,1,0
BRF:16
BRH:0
end_of_record
TN:
SF:src/routes/enquiries.routes.ts
FN:38,(anonymous_1)
FN:91,(anonymous_2)
FN:145,(anonymous_3)
FN:195,(anonymous_4)
FN:211,(anonymous_5)
FNF:5
FNH:0
FNDA:0,(anonymous_1)
FNDA:0,(anonymous_2)
FNDA:0,(anonymous_3)
FNDA:0,(anonymous_4)
FNDA:0,(anonymous_5)
DA:1,3
DA:2,3
DA:3,3
DA:5,3
DA:38,3
DA:39,0
DA:40,0
DA:41,0
DA:42,0
DA:44,0
DA:51,0
DA:53,0
DA:63,0
DA:64,0
DA:91,3
DA:92,0
DA:93,0
DA:94,0
DA:95,0
DA:99,0
DA:100,0
DA:103,0
DA:105,0
DA:106,0
DA:145,3
DA:146,0
DA:147,0
DA:148,0
DA:149,0
DA:151,0
DA:152,0
DA:155,0
DA:156,0
DA:158,0
DA:159,0
DA:162,0
DA:167,0
DA:169,0
DA:170,0
DA:195,3
DA:196,0
DA:197,0
DA:198,0
DA:199,0
DA:203,0
DA:205,0
DA:206,0
DA:211,3
DA:212,0
DA:213,0
DA:214,0
DA:215,0
DA:216,0
DA:217,0
DA:218,0
DA:219,0
DA:220,0
DA:221,0
DA:223,0
DA:226,0
DA:228,0
DA:229,0
DA:233,3
LF:63
LH:10
BRDA:40,0,0,0
BRDA:40,1,0,0
BRDA:41,2,0,0
BRDA:41,2,1,0
BRDA:41,3,0,0
BRDA:41,3,1,0
BRDA:42,4,0,0
BRDA:42,4,1,0
BRDA:94,5,0,0
BRDA:94,5,1,0
BRDA:99,6,0,0
BRDA:99,6,1,0
BRDA:148,7,0,0
BRDA:148,7,1,0
BRDA:151,8,0,0
BRDA:151,8,1,0
BRDA:155,9,0,0
BRDA:155,9,1,0
BRDA:158,10,0,0
BRDA:158,10,1,0
BRDA:198,11,0,0
BRDA:198,11,1,0
BRDA:215,12,0,0
BRDA:215,12,1,0
BRDA:216,13,0,0
BRDA:216,13,1,0
BRDA:217,14,0,0
BRDA:217,14,1,0
BRDA:218,15,0,0
BRDA:218,15,1,0
BRDA:219,16,0,0
BRDA:219,16,1,0
BRDA:220,17,0,0
BRDA:220,17,1,0
BRF:34
BRH:0
end_of_record
TN:
SF:src/routes/projects.routes.ts
FN:8,(anonymous_1)
FN:27,(anonymous_2)
FN:50,(anonymous_3)
FN:74,(anonymous_4)
FN:89,(anonymous_5)
FNF:5
FNH:0
FNDA:0,(anonymous_1)
FNDA:0,(anonymous_2)
FNDA:0,(anonymous_3)
FNDA:0,(anonymous_4)
FNDA:0,(anonymous_5)
DA:1,3
DA:2,3
DA:3,3
DA:5,3
DA:8,3
DA:9,0
DA:10,0
DA:11,0
DA:12,0
DA:14,0
DA:19,0
DA:21,0
DA:22,0
DA:27,3
DA:28,0
DA:33,0
DA:35,0
DA:42,0
DA:44,0
DA:45,0
DA:50,3
DA:51,0
DA:52,0
DA:56,0
DA:58,0
DA:66,0
DA:68,0
DA:69,0
DA:74,3
DA:75,0
DA:76,0
DA:77,0
DA:81,0
DA:83,0
DA:84,0
DA:89,3
DA:90,0
DA:91,0
DA:92,0
DA:96,0
DA:97,0
DA:100,0
DA:105,0
DA:107,0
DA:108,0
DA:112,3
LF:46
LH:10
BRDA:12,0,0,0
BRDA:12,0,1,0
BRDA:30,1,0,0
BRDA:32,2,0,0
BRDA:32,3,0,0
BRDA:52,4,0,0
BRDA:52,4,1,0
BRDA:76,5,0,0
BRDA:76,5,1,0
BRDA:91,6,0,0
BRDA:91,6,1,0
BRDA:96,7,0,0
BRDA:96,7,1,0
BRF:13
BRH:0
end_of_record
TN:
SF:src/routes/studios.routes.ts
FN:49,(anonymous_1)
FN:103,(anonymous_2)
FN:167,(anonymous_3)
FN:186,(anonymous_4)
FN:251,(anonymous_5)
FN:325,(anonymous_6)
FN:360,(anonymous_7)
FN:431,(anonymous_8)
FNF:8
FNH:0
FNDA:0,(anonymous_1)
FNDA:0,(anonymous_2)
FNDA:0,(anonymous_3)
FNDA:0,(anonymous_4)
FNDA:0,(anonymous_5)
FNDA:0,(anonymous_6)
FNDA:0,(anonymous_7)
FNDA:0,(anonymous_8)
DA:1,3
DA:2,3
DA:3,3
DA:4,3
DA:6,3
DA:49,3
DA:50,0
DA:51,0
DA:52,0
DA:53,0
DA:55,0
DA:60,0
DA:62,0
DA:63,0
DA:103,3
DA:104,0
DA:105,0
DA:106,0
DA:114,0
DA:115,0
DA:118,0
DA:120,0
DA:121,0
DA:167,3
DA:168,0
DA:174,0
DA:176,0
DA:177,0
DA:179,0
DA:186,0
DA:202,0
DA:204,0
DA:205,0
DA:251,3
DA:252,0
DA:253,0
DA:266,0
DA:268,0
DA:270,0
DA:281,0
DA:282,0
DA:285,0
DA:286,0
DA:291,0
DA:297,0
DA:299,0
DA:300,0
DA:325,3
DA:326,0
DA:327,0
DA:328,0
DA:332,0
DA:334,0
DA:335,0
DA:360,3
DA:361,0
DA:362,0
DA:363,0
DA:367,0
DA:368,0
DA:371,0
DA:376,0
DA:378,0
DA:379,0
DA:431,3
DA:432,0
DA:433,0
DA:434,0
DA:436,0
DA:437,0
DA:438,0
DA:443,0
DA:445,0
DA:448,0
DA:451,0
DA:452,0
DA:454,0
DA:457,0
DA:458,0
DA:460,0
DA:461,0
DA:464,0
DA:465,0
DA:466,0
DA:468,0
DA:469,0
DA:473,3
LF:87
LH:13
BRDA:53,0,0,0
BRDA:53,0,1,0
BRDA:105,1,0,0
BRDA:105,1,1,0
BRDA:114,2,0,0
BRDA:114,2,1,0
BRDA:171,3,0,0
BRDA:171,4,0,0
BRDA:172,5,0,0
BRDA:172,6,0,0
BRDA:173,7,0,0
BRDA:176,8,0,0
BRDA:176,8,1,0
BRDA:177,9,0,0
BRDA:177,9,1,0
BRDA:253,10,0,0
BRDA:253,10,1,0
BRDA:268,11,0,0
BRDA:268,11,1,0
BRDA:281,12,0,0
BRDA:281,12,1,0
BRDA:285,13,0,0
BRDA:285,13,1,0
BRDA:327,14,0,0
BRDA:327,14,1,0
BRDA:362,15,0,0
BRDA:362,15,1,0
BRDA:367,16,0,0
BRDA:367,16,1,0
BRDA:433,17,0,0
BRDA:433,17,1,0
BRDA:436,18,0,0
BRDA:436,18,1,0
BRDA:436,19,0,0
BRDA:436,19,1,0
BRDA:443,20,0,0
BRDA:443,20,1,0
BRDA:443,21,0,0
BRDA:443,21,1,0
BRDA:451,22,0,0
BRDA:451,22,1,0
BRDA:460,23,0,0
BRDA:460,23,1,0
BRDA:460,24,0,0
BRDA:460,24,1,0
BRDA:469,25,0,0
BRDA:469,25,1,0
BRF:47
BRH:0
end_of_record
TN:
SF:src/routes/upload.routes.ts
FN:13,(anonymous_1)
FN:22,(anonymous_2)
FN:24,(anonymous_3)
FN:31,(anonymous_4)
FN:53,(anonymous_5)
FN:56,(anonymous_6)
FN:74,(anonymous_7)
FN:92,(anonymous_8)
FN:99,(anonymous_9)
FNF:9
FNH:0
FNDA:0,(anonymous_1)
FNDA:0,(anonymous_2)
FNDA:0,(anonymous_3)
FNDA:0,(anonymous_4)
FNDA:0,(anonymous_5)
FNDA:0,(anonymous_6)
FNDA:0,(anonymous_7)
FNDA:0,(anonymous_8)
FNDA:0,(anonymous_9)
DA:1,3
DA:2,3
DA:3,3
DA:4,3
DA:6,3
DA:9,3
DA:10,3
DA:14,0
DA:15,0
DA:19,3
DA:24,0
DA:25,0
DA:26,0
DA:28,0
DA:32,0
DA:33,0
DA:34,0
DA:37,0
DA:38,0
DA:39,0
DA:41,0
DA:42,0
DA:49,0
DA:51,0
DA:53,0
DA:54,0
DA:57,0
DA:58,0
DA:61,0
DA:64,0
DA:66,0
DA:67,0
DA:74,3
DA:75,0
DA:76,0
DA:77,0
DA:78,0
DA:80,0
DA:81,0
DA:87,0
DA:89,0
DA:92,0
DA:93,0
DA:99,0
DA:109,0
DA:111,0
DA:112,0
DA:116,3
LF:48
LH:10
BRDA:14,0,0,0
BRDA:14,0,1,0
BRDA:25,1,0,0
BRDA:25,1,1,0
BRDA:26,2,0,0
BRDA:26,2,1,0
BRDA:33,3,0,0
BRDA:33,3,1,0
BRDA:41,4,0,0
BRDA:41,4,1,0
BRDA:41,5,0,0
BRDA:41,5,1,0
BRDA:41,5,2,0
BRDA:51,6,0,0
BRDA:51,6,1,0
BRDA:57,7,0,0
BRDA:57,7,1,0
BRDA:66,8,0,0
BRDA:66,8,1,0
BRDA:67,9,0,0
BRDA:67,9,1,0
BRDA:80,10,0,0
BRDA:80,10,1,0
BRDA:80,11,0,0
BRDA:80,11,1,0
BRDA:80,11,2,0
BRDA:89,12,0,0
BRDA:89,12,1,0
BRDA:99,13,0,0
BRDA:99,13,1,0
BRDA:102,14,0,0
BRDA:102,14,1,0
BRDA:111,15,0,0
BRDA:111,15,1,0
BRDA:112,16,0,0
BRDA:112,16,1,0
BRF:36
BRH:0
end_of_record
TN:
SF:src/routes/user.auth.routes.ts
FN:49,(anonymous_1)
FN:136,(anonymous_2)
FN:196,(anonymous_3)
FN:246,(anonymous_4)
FN:277,(anonymous_5)
FN:303,(anonymous_6)
FN:338,(anonymous_7)
FN:378,(anonymous_8)
FNF:8
FNH:0
FNDA:0,(anonymous_1)
FNDA:0,(anonymous_2)
FNDA:0,(anonymous_3)
FNDA:0,(anonymous_4)
FNDA:0,(anonymous_5)
FNDA:0,(anonymous_6)
FNDA:0,(anonymous_7)
FNDA:0,(anonymous_8)
DA:1,3
DA:2,3
DA:3,3
DA:4,3
DA:5,3
DA:7,3
DA:10,3
DA:17,3
DA:49,3
DA:50,0
DA:51,0
DA:54,0
DA:55,0
DA:56,0
DA:60,0
DA:63,0
DA:73,0
DA:82,0
DA:83,0
DA:85,0
DA:86,0
DA:93,0
DA:94,0
DA:102,0
DA:107,0
DA:108,0
DA:109,0
DA:111,0
DA:136,3
DA:137,0
DA:138,0
DA:141,0
DA:142,0
DA:143,0
DA:147,0
DA:148,0
DA:149,0
DA:153,0
DA:154,0
DA:156,0
DA:157,0
DA:164,0
DA:165,0
DA:173,0
DA:178,0
DA:179,0
DA:180,0
DA:182,0
DA:196,3
DA:197,0
DA:203,0
DA:246,3
DA:247,0
DA:248,0
DA:249,0
DA:250,0
DA:254,0
DA:258,0
DA:259,0
DA:263,0
DA:272,0
DA:273,0
DA:277,0
DA:296,0
DA:298,0
DA:299,0
DA:303,3
DA:304,0
DA:305,0
DA:306,0
DA:307,0
DA:309,0
DA:310,0
DA:313,0
DA:314,0
DA:316,0
DA:317,0
DA:318,0
DA:320,0
DA:334,0
DA:335,0
DA:338,0
DA:353,0
DA:358,0
DA:369,0
DA:372,0
DA:373,0
DA:378,3
DA:379,0
DA:380,0
DA:381,0
DA:382,0
DA:384,0
DA:385,0
DA:386,0
DA:388,0
DA:389,0
DA:392,0
DA:396,0
DA:397,0
DA:398,0
DA:400,0
DA:405,0
DA:407,0
DA:408,0
DA:412,3
LF:106
LH:15
BRDA:55,0,0,0
BRDA:55,0,1,0
BRDA:83,1,0,0
BRDA:83,1,1,0
BRDA:85,2,0,0
BRDA:85,2,1,0
BRDA:108,3,0,0
BRDA:108,3,1,0
BRDA:142,4,0,0
BRDA:142,4,1,0
BRDA:147,5,0,0
BRDA:147,5,1,0
BRDA:148,6,0,0
BRDA:148,6,1,0
BRDA:154,7,0,0
BRDA:154,7,1,0
BRDA:156,8,0,0
BRDA:156,8,1,0
BRDA:179,9,0,0
BRDA:179,9,1,0
BRDA:249,10,0,0
BRDA:249,10,1,0
BRDA:258,11,0,0
BRDA:258,11,1,0
BRDA:272,12,0,0
BRDA:272,12,1,0
BRDA:280,13,0,0
BRDA:280,13,1,0
BRDA:289,14,0,0
BRDA:289,14,1,0
BRDA:290,15,0,0
BRDA:290,15,1,0
BRDA:291,16,0,0
BRDA:291,16,1,0
BRDA:306,17,0,0
BRDA:306,17,1,0
BRDA:306,18,0,0
BRDA:306,18,1,0
BRDA:309,19,0,0
BRDA:309,19,1,0
BRDA:314,20,0,0
BRDA:314,20,1,0
BRDA:334,21,0,0
BRDA:334,21,1,0
BRDA:340,22,0,0
BRDA:340,22,1,0
BRDA:348,23,0,0
BRDA:348,23,1,0
BRDA:364,24,0,0
BRDA:364,24,1,0
BRDA:381,25,0,0
BRDA:381,25,1,0
BRDA:381,26,0,0
BRDA:381,26,1,0
BRDA:382,27,0,0
BRDA:382,27,1,0
BRDA:389,28,0,0
BRDA:389,28,1,0
BRDA:396,29,0,0
BRDA:396,29,1,0
BRDA:397,30,0,0
BRDA:397,30,1,0
BRDA:398,31,0,0
BRDA:398,31,1,0
BRF:64
BRH:0
end_of_record
TN:
SF:src/routes/userDetails.ts
FN:53,(anonymous_1)
FN:109,(anonymous_2)
FNF:2
FNH:0
FNDA:0,(anonymous_1)
FNDA:0,(anonymous_2)
DA:1,3
DA:2,3
DA:3,3
DA:4,3
DA:6,3
DA:53,3
DA:54,0
DA:55,0
DA:56,0
DA:58,0
DA:59,0
DA:64,0
DA:70,0
DA:109,3
DA:110,0
DA:111,0
DA:112,0
DA:115,0
DA:120,0
DA:121,0
DA:125,0
DA:126,0
DA:128,0
DA:129,0
DA:132,0
DA:137,0
DA:138,0
DA:142,3
LF:28
LH:8
BRDA:58,0,0,0
BRDA:58,0,1,0
BRDA:112,1,0,0
BRDA:112,1,1,0
BRDA:120,2,0,0
BRDA:120,2,1,0
BRDA:128,3,0,0
BRDA:128,3,1,0
BRDA:128,4,0,0
BRDA:128,4,1,0
BRDA:128,4,2,0
BRF:11
BRH:0
end_of_record
TN:
SF:src/services/EmailService.ts
FN:20,(anonymous_1)
FN:35,(anonymous_2)
FN:54,(anonymous_3)
FN:115,(anonymous_4)
FN:157,(anonymous_5)
FNF:5
FNH:1
FNDA:3,(anonymous_1)
FNDA:0,(anonymous_2)
FNDA:0,(anonymous_3)
FNDA:0,(anonymous_4)
FNDA:0,(anonymous_5)
DA:1,3
DA:16,3
DA:21,3
DA:22,3
DA:24,3
DA:25,3
DA:36,0
DA:37,0
DA:38,0
DA:40,0
DA:41,0
DA:45,0
DA:46,0
DA:48,0
DA:49,0
DA:55,0
DA:56,0
DA:109,0
DA:111,0
DA:116,0
DA:117,0
DA:118,0
DA:152,0
DA:153,0
DA:158,0
DA:164,0
DA:165,0
DA:167,0
DA:199,0
DA:200,0
DA:204,3
LF:31
LH:7
BRDA:21,0,0,3
BRDA:21,0,1,0
BRDA:21,0,2,0
BRDA:22,1,0,3
BRDA:22,1,1,0
BRDA:22,1,2,0
BRDA:24,2,0,3
BRDA:24,2,1,0
BRDA:24,3,0,3
BRDA:24,3,1,3
BRDA:26,4,0,3
BRDA:26,4,1,3
BRDA:27,5,0,3
BRDA:27,5,1,3
BRDA:36,6,0,0
BRDA:36,6,1,0
BRDA:92,7,0,0
BRDA:92,7,1,0
BRDA:93,8,0,0
BRDA:93,8,1,0
BRDA:116,9,0,0
BRDA:116,9,1,0
BRDA:144,10,0,0
BRDA:144,10,1,0
BRDA:145,11,0,0
BRDA:145,11,1,0
BRDA:147,12,0,0
BRDA:147,12,1,0
BRDA:165,13,0,0
BRDA:165,13,1,0
BRF:30
BRH:9
end_of_record
TN:
SF:src/services/ZohoEmailService.ts
FN:33,(anonymous_1)
FN:67,(anonymous_2)
FN:120,(anonymous_3)
FN:136,(anonymous_4)
FN:157,(anonymous_5)
FN:276,(anonymous_6)
FN:288,(anonymous_7)
FN:300,(anonymous_8)
FN:306,(anonymous_9)
FNF:9
FNH:1
FNDA:3,(anonymous_1)
FNDA:0,(anonymous_2)
FNDA:0,(anonymous_3)
FNDA:0,(anonymous_4)
FNDA:0,(anonymous_5)
FNDA:0,(anonymous_6)
FNDA:0,(anonymous_7)
FNDA:0,(anonymous_8)
FNDA:0,(anonymous_9)
DA:1,3
DA:27,3
DA:30,3
DA:31,3
DA:34,3
DA:37,3
DA:38,3
DA:39,6
DA:40,0
DA:45,3
DA:46,3
DA:49,3
DA:64,3
DA:68,0
DA:77,0
DA:78,0
DA:80,0
DA:82,0
DA:96,0
DA:98,0
DA:100,0
DA:107,0
DA:108,0
DA:110,0
DA:112,0
DA:121,0
DA:126,0
DA:127,0
DA:130,0
DA:136,0
DA:138,0
DA:154,0
DA:158,0
DA:244,0
DA:273,0
DA:277,0
DA:290,0
DA:300,0
DA:301,0
DA:307,0
DA:308,0
DA:309,0
DA:311,0
DA:312,0
LF:44
LH:12
BRDA:39,0,0,0
BRDA:39,0,1,6
BRDA:45,1,0,3
BRDA:45,1,1,3
BRDA:46,2,0,3
BRDA:46,2,1,3
BRDA:80,3,0,0
BRDA:80,3,1,0
BRDA:107,4,0,0
BRDA:107,4,1,0
BRDA:126,5,0,0
BRDA:126,5,1,0
BRDA:126,6,0,0
BRDA:126,6,1,0
BRDA:136,7,0,0
BRDA:136,7,1,0
BRDA:147,8,0,0
BRDA:147,8,1,0
BRDA:148,9,0,0
BRDA:148,9,1,0
BRDA:149,10,0,0
BRDA:149,10,1,0
BRDA:150,11,0,0
BRDA:150,11,1,0
BRDA:283,12,0,0
BRDA:283,12,1,0
BRDA:301,13,0,0
BRDA:301,13,1,0
BRF:28
BRH:5
end_of_record
TN:
SF:src/utils/date.utils.ts
FN:3,(anonymous_0)
FN:13,(anonymous_1)
FNF:2
FNH:0
FNDA:0,(anonymous_0)
FNDA:0,(anonymous_1)
DA:1,3
DA:3,3
DA:10,0
DA:13,3
DA:15,0
DA:16,0
DA:17,0
LF:7
LH:3
BRDA:10,0,0,0
BRDA:10,0,1,0
BRF:2
BRH:0
end_of_record
TN:
SF:src/utils/lockCleanup.ts
FN:7,cleanupExpiredLocks
FN:28,startLockCleanupJob
FNF:2
FNH:2
FNDA:3,cleanupExpiredLocks
FNDA:3,startLockCleanupJob
DA:1,3
DA:7,3
DA:8,3
DA:9,3
DA:15,0
DA:16,0
DA:18,0
DA:20,3
DA:21,3
DA:28,3
DA:29,3
DA:32,3
DA:35,3
LF:13
LH:10
BRDA:15,0,0,0
BRDA:15,0,1,0
BRDA:28,1,0,3
BRF:3
BRH:1
end_of_record
TN:
SF:src/utils/seed.ts
FN:8,seed
FN:119,(anonymous_1)
FN:123,(anonymous_2)
FNF:3
FNH:0
FNDA:0,seed
FNDA:0,(anonymous_1)
FNDA:0,(anonymous_2)
DA:9,0
DA:12,0
DA:13,0
DA:24,0
DA:27,0
DA:66,0
DA:67,0
DA:72,0
DA:76,0
DA:77,0
DA:93,0
DA:96,0
DA:97,0
DA:98,0
DA:99,0
DA:113,0
DA:115,0
DA:118,0
DA:120,0
DA:121,0
DA:124,0
LF:21
LH:0
BRF:0
BRH:0
end_of_record
